
[2026-04-16 11:01:24] Deposito en cuenta 1016: +400.00 EUR (PID: 5899, Estado: OK)
[2026-04-16 11:01:38] Transferencia en cuenta 1016: -40.00 EUR (PID: 5899, Estado: OK)
[2026-04-16 11:01:53] Transferencia en cuenta 1016: -5.00 EUR (PID: 5899, Estado: OK)
[2026-04-16 11:01:53] ALERTA: TRANSFERENCIAS_REPETITIVAS - cuenta BLOQUEADA
[2026-04-16 11:07:59] Deposito en cuenta 1017: +500.00 EUR (PID: 7007, Estado: OK)
[2026-04-16 11:08:19] Retiro en cuenta 1017: -50.00 EUR (PID: 7007, Estado: OK)
[2026-04-16 11:08:27] Retiro en cuenta 1017: --50.00 EUR (PID: 7007, Estado: OK)
[2026-04-16 11:08:46] Retiro en cuenta 1017: -20.00 EUR (PID: 7007, Estado: OK)
[2026-04-16 11:08:46] ALERTA: RETIROS_EXCESIVOS - cuenta BLOQUEADA
[2026-04-16 11:09:56] Transferencia en cuenta 1018: -5.00 EUR (PID: 7287, Estado: FALLIDO)
[2026-04-16 11:10:09] Transferencia en cuenta 1018: -5.00 EUR (PID: 7287, Estado: FALLIDO)
[2026-04-16 11:10:25] Transferencia en cuenta 1018: -5.00 EUR (PID: 7287, Estado: FALLIDO)
[2026-04-16 11:10:31] Deposito en cuenta 1018: +40.00 EUR (PID: 7287, Estado: OK)
[2026-04-16 11:10:40] Transferencia en cuenta 1018: -10.00 EUR (PID: 7287, Estado: OK)
[2026-04-16 11:10:49] Transferencia en cuenta 1018: -10.00 EUR (PID: 7287, Estado: OK)
[2026-04-16 11:10:49] ALERTA: TRANSFERENCIAS_REPETITIVAS - cuenta BLOQUEADA
[2026-05-03 19:51:29] Deposito en cuenta 1006: +-450.00 EUR (PID: 6428, Estado: FALLIDO)
[2026-05-03 19:51:37] Retiro en cuenta 1006: --500.00 EUR (PID: 6428, Estado: FALLIDO)
[2026-05-03 19:51:48] Transferencia en cuenta 1006: --890.00 EUR (PID: 6428, Estado: FALLIDO)
[2026-05-03 19:52:04] Transferencia en cuenta 1006: --500.00 EUR (PID: 6428, Estado: FALLIDO)
[2026-05-03 19:52:14] Transferencia en cuenta 1006: -500.00 EUR (PID: 6428, Estado: FALLIDO)
[2026-05-07 10:18:45] Deposito en cuenta 1005: +400.00 EUR (PID: 10923, Estado: OK)
[2026-05-07 10:26:25] Deposito en cuenta 1002: +200.00 EUR (PID: 12830, Estado: OK)
[2026-05-07 10:28:17] Deposito en cuenta 1006: +500.00 EUR (PID: 13177, Estado: OK)
[2026-05-07 10:30:24] Transferencia en cuenta 1006: -20.00 EUR (PID: 13177, Estado: OK)
[2026-05-07 10:30:39] Retiro en cuenta 1002: -300.00 EUR (PID: 12830, Estado: FALLIDO)
[2026-05-07 10:30:50] Retiro en cuenta 1002: --200.00 EUR (PID: 12830, Estado: FALLIDO)
[2026-05-07 10:33:26] Deposito en cuenta 1002: +500.00 EUR (PID: 14175, Estado: OK)
[2026-05-07 10:33:31] Retiro en cuenta 1002: -20.00 EUR (PID: 14175, Estado: OK)
[2026-05-07 10:33:36] Retiro en cuenta 1002: -20.00 EUR (PID: 14175, Estado: OK)
[2026-05-07 10:33:41] Retiro en cuenta 1002: -20.00 EUR (PID: 14175, Estado: OK)
[2026-05-07 10:33:42] ALERTA: RETIROS_EXCESIVOS - cuenta BLOQUEADA
[2026-05-07 10:35:13] Retiro en cuenta 1006: -12.00 EUR (PID: 14571, Estado: OK)
[2026-05-07 10:35:21] Retiro en cuenta 1006: -23.00 EUR (PID: 14571, Estado: OK)
[2026-05-07 10:35:25] Retiro en cuenta 1006: -23.00 EUR (PID: 14571, Estado: OK)
[2026-05-07 10:35:25] ALERTA: RETIROS_EXCESIVOS - cuenta BLOQUEADA
[2026-05-07 10:37:08] Retiro en cuenta 1006: -23.00 EUR (PID: 15152, Estado: OK)
[2026-05-07 10:37:12] Retiro en cuenta 1006: -23.00 EUR (PID: 15152, Estado: OK)
[2026-05-07 10:37:20] Retiro en cuenta 1006: -23.00 EUR (PID: 15152, Estado: OK)
[2026-05-07 10:37:20] ALERTA: RETIROS_EXCESIVOS - cuenta BLOQUEADA
[2026-05-07 10:39:06] Retiro en cuenta 1006: -23.00 EUR (PID: 15701, Estado: OK)
[2026-05-07 10:39:08] Retiro en cuenta 1006: -23.00 EUR (PID: 15701, Estado: OK)
[2026-05-07 10:39:13] Retiro en cuenta 1006: -23.00 EUR (PID: 15701, Estado: OK)
[2026-05-07 10:39:13] ALERTA: RETIROS_EXCESIVOS - cuenta BLOQUEADA
[2026-05-07 10:40:59] Retiro en cuenta 1006: -234.00 EUR (PID: 16270, Estado: OK)
[2026-05-07 10:41:03] Retiro en cuenta 1006: -234.00 EUR (PID: 16270, Estado: OK)
[2026-05-07 10:41:09] Retiro en cuenta 1006: -2345.00 EUR (PID: 16270, Estado: FALLIDO)
[2026-05-07 10:41:18] Retiro en cuenta 1006: -234.00 EUR (PID: 16270, Estado: OK)
[2026-05-07 10:41:18] ALERTA: RETIROS_EXCESIVOS - cuenta BLOQUEADA
